2015-04-05 07:26:39+0800 [scrapy] INFO: Scrapy 0.24.4 started (bot: zqtravel)
2015-04-05 07:26:39+0800 [scrapy] INFO: Optional features available: ssl, http11
2015-04-05 07:26:39+0800 [scrapy] INFO: Overridden settings: {'NEWSPIDER_MODULE': 'zqtravel.spiders', 'SPIDER_MODULES': ['zqtravel.spiders'], 'LOG_FILE': '/home/scrapy/log/zqtravel.log', 'DOWNLOAD_DELAY': 2, 'BOT_NAME': 'zqtravel'}
2015-04-05 07:26:39+0800 [scrapy] INFO: Enabled extensions: AutoThrottle, LogStats, TelnetConsole, CloseSpider, WebService, CoreStats, SpiderState
2015-04-05 07:26:39+0800 [scrapy] INFO: Enabled downloader middlewares: RotateUserAgentMiddleware, HttpAuthMiddleware, DownloadTimeoutMiddleware, RetryMiddleware, DefaultHeadersMiddleware, MetaRefreshMiddleware, HttpCompressionMiddleware, RedirectMiddleware, CookiesMiddleware, ChunkedTransferMiddleware, DownloaderStats
2015-04-05 07:26:39+0800 [scrapy] INFO: Enabled spider middlewares: HttpErrorMiddleware, OffsiteMiddleware, RefererMiddleware, UrlLengthMiddleware, DepthMiddleware
2015-04-05 07:26:39+0800 [-] ERROR: /usr/lib/python2.7/site-packages/setuptools-7.0-py2.7.egg/pkg_resources.py:1045: UserWarning: /home/chunchen/.python-eggs is writable by group/others and vulnerable to attack when used with get_resource_filename. Consider a more secure location (set with .set_extraction_path or the PYTHON_EGG_CACHE environment variable).
2015-04-05 07:26:39+0800 [-] ERROR:   warnings.warn(msg, UserWarning)
2015-04-05 07:26:39+0800 [scrapy] INFO: Enabled item pipelines: ScenicspotPipeline, TravelPipeline
2015-04-05 07:26:39+0800 [mafengwo_scenicspot] INFO: Spider opened
2015-04-05 07:26:39+0800 [mafengwo_scenicspot] INFO: Resuming crawl (1 requests scheduled)
2015-04-05 07:26:39+0800 [mafengwo_scenicspot] INFO: Crawled 0 pages (at 0 pages/min), scraped 0 items (at 0 items/min)
2015-04-05 07:26:39+0800 [scrapy] DEBUG: Telnet console listening on 127.0.0.1:6023
2015-04-05 07:26:39+0800 [scrapy] DEBUG: Web service listening on 127.0.0.1:6080
2015-04-05 07:26:39+0800 [mafengwo_scenicspot] DEBUG: Crawled (200) <GET http://z.mafengwo.cn//> (referer: None)
2015-04-05 07:26:39+0800 [mafengwo_scenicspot] DEBUG: Filtered duplicate request: <GET http://www.mafengwo.cn/travel-scenic-spot/mafengwo/10115.html> - no more duplicates will be shown (see DUPEFILTER_DEBUG to show all duplicates)
2015-04-05 07:26:44+0800 [mafengwo_scenicspot] DEBUG: Crawled (200) <GET http://z.mafengwo.cn//> (referer: None)
2015-04-05 07:26:44+0800 [mafengwo_scenicspot] INFO: Closing spider (finished)
2015-04-05 07:26:44+0800 [mafengwo_scenicspot] INFO: Dumping Scrapy stats:
	{'downloader/request_bytes': 673,
	 'downloader/request_count': 2,
	 'downloader/request_method_count/GET': 2,
	 'downloader/response_bytes': 24159,
	 'downloader/response_count': 2,
	 'downloader/response_status_count/200': 2,
	 'dupefilter/filtered': 68,
	 'finish_reason': 'finished',
	 'finish_time': datetime.datetime(2015, 4, 4, 23, 26, 44, 261423),
	 'log_count/DEBUG': 5,
	 'log_count/ERROR': 2,
	 'log_count/INFO': 8,
	 'request_depth_max': 1,
	 'response_received_count': 2,
	 'scheduler/dequeued': 2,
	 'scheduler/dequeued/disk': 2,
	 'scheduler/enqueued': 1,
	 'scheduler/enqueued/disk': 1,
	 'start_time': datetime.datetime(2015, 4, 4, 23, 26, 39, 683948)}
2015-04-05 07:26:44+0800 [mafengwo_scenicspot] INFO: Spider closed (finished)
2015-04-05 07:26:47+0800 [scrapy] INFO: Scrapy 0.24.4 started (bot: zqtravel)
2015-04-05 07:26:47+0800 [scrapy] INFO: Optional features available: ssl, http11
2015-04-05 07:26:47+0800 [scrapy] INFO: Overridden settings: {'NEWSPIDER_MODULE': 'zqtravel.spiders', 'SPIDER_MODULES': ['zqtravel.spiders'], 'LOG_FILE': '/home/scrapy/log/zqtravel.log', 'DOWNLOAD_DELAY': 2, 'BOT_NAME': 'zqtravel'}
2015-04-05 07:26:47+0800 [scrapy] INFO: Enabled extensions: AutoThrottle, LogStats, TelnetConsole, CloseSpider, WebService, CoreStats, SpiderState
2015-04-05 07:26:47+0800 [scrapy] INFO: Enabled downloader middlewares: RotateUserAgentMiddleware, HttpAuthMiddleware, DownloadTimeoutMiddleware, RetryMiddleware, DefaultHeadersMiddleware, MetaRefreshMiddleware, HttpCompressionMiddleware, RedirectMiddleware, CookiesMiddleware, ChunkedTransferMiddleware, DownloaderStats
2015-04-05 07:26:47+0800 [scrapy] INFO: Enabled spider middlewares: HttpErrorMiddleware, OffsiteMiddleware, RefererMiddleware, UrlLengthMiddleware, DepthMiddleware
2015-04-05 07:26:47+0800 [-] ERROR: /usr/lib/python2.7/site-packages/setuptools-7.0-py2.7.egg/pkg_resources.py:1045: UserWarning: /home/chunchen/.python-eggs is writable by group/others and vulnerable to attack when used with get_resource_filename. Consider a more secure location (set with .set_extraction_path or the PYTHON_EGG_CACHE environment variable).
2015-04-05 07:26:47+0800 [-] ERROR:   warnings.warn(msg, UserWarning)
2015-04-05 07:26:47+0800 [scrapy] INFO: Enabled item pipelines: ScenicspotPipeline, TravelPipeline
2015-04-05 07:26:47+0800 [mafengwo_scenicspot] INFO: Spider opened
2015-04-05 07:26:47+0800 [mafengwo_scenicspot] INFO: Crawled 0 pages (at 0 pages/min), scraped 0 items (at 0 items/min)
2015-04-05 07:26:47+0800 [scrapy] DEBUG: Telnet console listening on 127.0.0.1:6023
2015-04-05 07:26:47+0800 [scrapy] DEBUG: Web service listening on 127.0.0.1:6080
2015-04-05 07:26:47+0800 [mafengwo_scenicspot] DEBUG: Crawled (200) <GET http://z.mafengwo.cn//> (referer: None)
2015-04-05 07:26:47+0800 [mafengwo_scenicspot] DEBUG: Filtered duplicate request: <GET http://www.mafengwo.cn/travel-scenic-spot/mafengwo/10115.html> - no more duplicates will be shown (see DUPEFILTER_DEBUG to show all duplicates)
2015-04-05 07:26:47+0800 [mafengwo_scenicspot] INFO: Closing spider (finished)
2015-04-05 07:26:47+0800 [mafengwo_scenicspot] INFO: Dumping Scrapy stats:
	{'downloader/request_bytes': 284,
	 'downloader/request_count': 1,
	 'downloader/request_method_count/GET': 1,
	 'downloader/response_bytes': 12077,
	 'downloader/response_count': 1,
	 'downloader/response_status_count/200': 1,
	 'dupefilter/filtered': 34,
	 'finish_reason': 'finished',
	 'finish_time': datetime.datetime(2015, 4, 4, 23, 26, 47, 963176),
	 'log_count/DEBUG': 4,
	 'log_count/ERROR': 2,
	 'log_count/INFO': 7,
	 'request_depth_max': 1,
	 'response_received_count': 1,
	 'scheduler/dequeued': 1,
	 'scheduler/dequeued/disk': 1,
	 'scheduler/enqueued': 1,
	 'scheduler/enqueued/disk': 1,
	 'start_time': datetime.datetime(2015, 4, 4, 23, 26, 47, 845453)}
2015-04-05 07:26:47+0800 [mafengwo_scenicspot] INFO: Spider closed (finished)
2015-04-05 07:26:53+0800 [scrapy] INFO: Scrapy 0.24.4 started (bot: zqtravel)
2015-04-05 07:26:53+0800 [scrapy] INFO: Optional features available: ssl, http11
2015-04-05 07:26:53+0800 [scrapy] INFO: Overridden settings: {'NEWSPIDER_MODULE': 'zqtravel.spiders', 'SPIDER_MODULES': ['zqtravel.spiders'], 'LOG_FILE': '/home/scrapy/log/zqtravel.log', 'DOWNLOAD_DELAY': 2, 'BOT_NAME': 'zqtravel'}
2015-04-05 07:26:53+0800 [scrapy] INFO: Enabled extensions: AutoThrottle, LogStats, TelnetConsole, CloseSpider, WebService, CoreStats, SpiderState
2015-04-05 07:26:53+0800 [scrapy] INFO: Enabled downloader middlewares: RotateUserAgentMiddleware, HttpAuthMiddleware, DownloadTimeoutMiddleware, RetryMiddleware, DefaultHeadersMiddleware, MetaRefreshMiddleware, HttpCompressionMiddleware, RedirectMiddleware, CookiesMiddleware, ChunkedTransferMiddleware, DownloaderStats
2015-04-05 07:26:53+0800 [scrapy] INFO: Enabled spider middlewares: HttpErrorMiddleware, OffsiteMiddleware, RefererMiddleware, UrlLengthMiddleware, DepthMiddleware
2015-04-05 07:26:53+0800 [-] ERROR: /usr/lib/python2.7/site-packages/setuptools-7.0-py2.7.egg/pkg_resources.py:1045: UserWarning: /home/chunchen/.python-eggs is writable by group/others and vulnerable to attack when used with get_resource_filename. Consider a more secure location (set with .set_extraction_path or the PYTHON_EGG_CACHE environment variable).
2015-04-05 07:26:53+0800 [-] ERROR:   warnings.warn(msg, UserWarning)
2015-04-05 07:26:53+0800 [scrapy] INFO: Enabled item pipelines: ScenicspotPipeline, TravelPipeline
2015-04-05 07:26:53+0800 [mafengwo_scenicspot] INFO: Spider opened
2015-04-05 07:26:53+0800 [mafengwo_scenicspot] INFO: Crawled 0 pages (at 0 pages/min), scraped 0 items (at 0 items/min)
2015-04-05 07:26:53+0800 [scrapy] DEBUG: Telnet console listening on 127.0.0.1:6023
2015-04-05 07:26:53+0800 [scrapy] DEBUG: Web service listening on 127.0.0.1:6080
2015-04-05 07:26:54+0800 [mafengwo_scenicspot] DEBUG: Crawled (200) <GET http://z.mafengwo.cn//> (referer: None)
2015-04-05 07:26:54+0800 [mafengwo_scenicspot] DEBUG: Filtered duplicate request: <GET http://www.mafengwo.cn/travel-scenic-spot/mafengwo/10115.html> - no more duplicates will be shown (see DUPEFILTER_DEBUG to show all duplicates)
2015-04-05 07:26:54+0800 [mafengwo_scenicspot] INFO: Closing spider (finished)
2015-04-05 07:26:54+0800 [mafengwo_scenicspot] INFO: Dumping Scrapy stats:
	{'downloader/request_bytes': 277,
	 'downloader/request_count': 1,
	 'downloader/request_method_count/GET': 1,
	 'downloader/response_bytes': 12040,
	 'downloader/response_count': 1,
	 'downloader/response_status_count/200': 1,
	 'dupefilter/filtered': 34,
	 'finish_reason': 'finished',
	 'finish_time': datetime.datetime(2015, 4, 4, 23, 26, 54, 44114),
	 'log_count/DEBUG': 4,
	 'log_count/ERROR': 2,
	 'log_count/INFO': 7,
	 'request_depth_max': 1,
	 'response_received_count': 1,
	 'scheduler/dequeued': 1,
	 'scheduler/dequeued/disk': 1,
	 'scheduler/enqueued': 1,
	 'scheduler/enqueued/disk': 1,
	 'start_time': datetime.datetime(2015, 4, 4, 23, 26, 53, 915622)}
2015-04-05 07:26:54+0800 [mafengwo_scenicspot] INFO: Spider closed (finished)
2015-04-05 07:26:59+0800 [scrapy] INFO: Scrapy 0.24.4 started (bot: zqtravel)
2015-04-05 07:26:59+0800 [scrapy] INFO: Optional features available: ssl, http11
2015-04-05 07:26:59+0800 [scrapy] INFO: Overridden settings: {'NEWSPIDER_MODULE': 'zqtravel.spiders', 'SPIDER_MODULES': ['zqtravel.spiders'], 'LOG_FILE': '/home/scrapy/log/zqtravel.log', 'DOWNLOAD_DELAY': 2, 'BOT_NAME': 'zqtravel'}
2015-04-05 07:26:59+0800 [scrapy] INFO: Enabled extensions: AutoThrottle, LogStats, TelnetConsole, CloseSpider, WebService, CoreStats, SpiderState
2015-04-05 07:26:59+0800 [scrapy] INFO: Enabled downloader middlewares: RotateUserAgentMiddleware, HttpAuthMiddleware, DownloadTimeoutMiddleware, RetryMiddleware, DefaultHeadersMiddleware, MetaRefreshMiddleware, HttpCompressionMiddleware, RedirectMiddleware, CookiesMiddleware, ChunkedTransferMiddleware, DownloaderStats
2015-04-05 07:26:59+0800 [scrapy] INFO: Enabled spider middlewares: HttpErrorMiddleware, OffsiteMiddleware, RefererMiddleware, UrlLengthMiddleware, DepthMiddleware
2015-04-05 07:26:59+0800 [-] ERROR: /usr/lib/python2.7/site-packages/setuptools-7.0-py2.7.egg/pkg_resources.py:1045: UserWarning: /home/chunchen/.python-eggs is writable by group/others and vulnerable to attack when used with get_resource_filename. Consider a more secure location (set with .set_extraction_path or the PYTHON_EGG_CACHE environment variable).
2015-04-05 07:26:59+0800 [-] ERROR:   warnings.warn(msg, UserWarning)
2015-04-05 07:26:59+0800 [scrapy] INFO: Enabled item pipelines: ScenicspotPipeline, TravelPipeline
2015-04-05 07:26:59+0800 [mafengwo_scenicspot] INFO: Spider opened
2015-04-05 07:26:59+0800 [mafengwo_scenicspot] INFO: Crawled 0 pages (at 0 pages/min), scraped 0 items (at 0 items/min)
2015-04-05 07:26:59+0800 [scrapy] DEBUG: Telnet console listening on 127.0.0.1:6023
2015-04-05 07:26:59+0800 [scrapy] DEBUG: Web service listening on 127.0.0.1:6080
2015-04-05 07:27:00+0800 [mafengwo_scenicspot] DEBUG: Crawled (200) <GET http://z.mafengwo.cn//> (referer: None)
2015-04-05 07:27:00+0800 [mafengwo_scenicspot] DEBUG: Filtered duplicate request: <GET http://www.mafengwo.cn/travel-scenic-spot/mafengwo/10115.html> - no more duplicates will be shown (see DUPEFILTER_DEBUG to show all duplicates)
2015-04-05 07:27:00+0800 [mafengwo_scenicspot] INFO: Closing spider (finished)
2015-04-05 07:27:00+0800 [mafengwo_scenicspot] INFO: Dumping Scrapy stats:
	{'downloader/request_bytes': 396,
	 'downloader/request_count': 1,
	 'downloader/request_method_count/GET': 1,
	 'downloader/response_bytes': 12049,
	 'downloader/response_count': 1,
	 'downloader/response_status_count/200': 1,
	 'dupefilter/filtered': 34,
	 'finish_reason': 'finished',
	 'finish_time': datetime.datetime(2015, 4, 4, 23, 27, 0, 205526),
	 'log_count/DEBUG': 4,
	 'log_count/ERROR': 2,
	 'log_count/INFO': 7,
	 'request_depth_max': 1,
	 'response_received_count': 1,
	 'scheduler/dequeued': 1,
	 'scheduler/dequeued/disk': 1,
	 'scheduler/enqueued': 1,
	 'scheduler/enqueued/disk': 1,
	 'start_time': datetime.datetime(2015, 4, 4, 23, 26, 59, 992387)}
2015-04-05 07:27:00+0800 [mafengwo_scenicspot] INFO: Spider closed (finished)
2015-04-05 07:27:05+0800 [scrapy] INFO: Scrapy 0.24.4 started (bot: zqtravel)
2015-04-05 07:27:05+0800 [scrapy] INFO: Optional features available: ssl, http11
2015-04-05 07:27:05+0800 [scrapy] INFO: Overridden settings: {'NEWSPIDER_MODULE': 'zqtravel.spiders', 'SPIDER_MODULES': ['zqtravel.spiders'], 'LOG_FILE': '/home/scrapy/log/zqtravel.log', 'DOWNLOAD_DELAY': 2, 'BOT_NAME': 'zqtravel'}
2015-04-05 07:27:06+0800 [scrapy] INFO: Enabled extensions: AutoThrottle, LogStats, TelnetConsole, CloseSpider, WebService, CoreStats, SpiderState
2015-04-05 07:27:06+0800 [scrapy] INFO: Enabled downloader middlewares: RotateUserAgentMiddleware, HttpAuthMiddleware, DownloadTimeoutMiddleware, RetryMiddleware, DefaultHeadersMiddleware, MetaRefreshMiddleware, HttpCompressionMiddleware, RedirectMiddleware, CookiesMiddleware, ChunkedTransferMiddleware, DownloaderStats
2015-04-05 07:27:06+0800 [scrapy] INFO: Enabled spider middlewares: HttpErrorMiddleware, OffsiteMiddleware, RefererMiddleware, UrlLengthMiddleware, DepthMiddleware
2015-04-05 07:27:06+0800 [-] ERROR: /usr/lib/python2.7/site-packages/setuptools-7.0-py2.7.egg/pkg_resources.py:1045: UserWarning: /home/chunchen/.python-eggs is writable by group/others and vulnerable to attack when used with get_resource_filename. Consider a more secure location (set with .set_extraction_path or the PYTHON_EGG_CACHE environment variable).
2015-04-05 07:27:06+0800 [-] ERROR:   warnings.warn(msg, UserWarning)
2015-04-05 07:27:06+0800 [scrapy] INFO: Enabled item pipelines: ScenicspotPipeline, TravelPipeline
2015-04-05 07:27:06+0800 [mafengwo_scenicspot] INFO: Spider opened
2015-04-05 07:27:06+0800 [mafengwo_scenicspot] INFO: Crawled 0 pages (at 0 pages/min), scraped 0 items (at 0 items/min)
2015-04-05 07:27:06+0800 [scrapy] DEBUG: Telnet console listening on 127.0.0.1:6023
2015-04-05 07:27:06+0800 [scrapy] DEBUG: Web service listening on 127.0.0.1:6080
2015-04-05 07:27:09+0800 [scrapy] INFO: Received SIGTERM, shutting down gracefully. Send again to force 
2015-04-05 07:27:09+0800 [mafengwo_scenicspot] INFO: Closing spider (shutdown)
2015-04-05 07:27:11+0800 [mafengwo_scenicspot] DEBUG: Crawled (200) <GET http://z.mafengwo.cn//> (referer: None)
2015-04-05 07:27:11+0800 [mafengwo_scenicspot] DEBUG: Filtered duplicate request: <GET http://www.mafengwo.cn/travel-scenic-spot/mafengwo/10115.html> - no more duplicates will be shown (see DUPEFILTER_DEBUG to show all duplicates)
2015-04-05 07:27:11+0800 [mafengwo_scenicspot] INFO: Dumping Scrapy stats:
	{'downloader/request_bytes': 277,
	 'downloader/request_count': 1,
	 'downloader/request_method_count/GET': 1,
	 'downloader/response_bytes': 12043,
	 'downloader/response_count': 1,
	 'downloader/response_status_count/200': 1,
	 'dupefilter/filtered': 34,
	 'finish_reason': 'shutdown',
	 'finish_time': datetime.datetime(2015, 4, 4, 23, 27, 11, 279311),
	 'log_count/DEBUG': 4,
	 'log_count/ERROR': 2,
	 'log_count/INFO': 8,
	 'request_depth_max': 1,
	 'response_received_count': 1,
	 'scheduler/dequeued': 1,
	 'scheduler/dequeued/disk': 1,
	 'scheduler/enqueued': 1,
	 'scheduler/enqueued/disk': 1,
	 'start_time': datetime.datetime(2015, 4, 4, 23, 27, 6, 67422)}
2015-04-05 07:27:11+0800 [mafengwo_scenicspot] INFO: Spider closed (shutdown)
2015-04-05 07:27:16+0800 [scrapy] INFO: Scrapy 0.24.4 started (bot: zqtravel)
2015-04-05 07:27:16+0800 [scrapy] INFO: Optional features available: ssl, http11
2015-04-05 07:27:16+0800 [scrapy] INFO: Overridden settings: {'NEWSPIDER_MODULE': 'zqtravel.spiders', 'SPIDER_MODULES': ['zqtravel.spiders'], 'LOG_FILE': '/home/scrapy/log/zqtravel.log', 'DOWNLOAD_DELAY': 2, 'BOT_NAME': 'zqtravel'}
2015-04-05 07:27:16+0800 [scrapy] INFO: Enabled extensions: AutoThrottle, LogStats, TelnetConsole, CloseSpider, WebService, CoreStats, SpiderState
2015-04-05 07:27:16+0800 [scrapy] INFO: Enabled downloader middlewares: RotateUserAgentMiddleware, HttpAuthMiddleware, DownloadTimeoutMiddleware, RetryMiddleware, DefaultHeadersMiddleware, MetaRefreshMiddleware, HttpCompressionMiddleware, RedirectMiddleware, CookiesMiddleware, ChunkedTransferMiddleware, DownloaderStats
2015-04-05 07:27:16+0800 [scrapy] INFO: Enabled spider middlewares: HttpErrorMiddleware, OffsiteMiddleware, RefererMiddleware, UrlLengthMiddleware, DepthMiddleware
2015-04-05 07:27:16+0800 [-] ERROR: /usr/lib/python2.7/site-packages/setuptools-7.0-py2.7.egg/pkg_resources.py:1045: UserWarning: /home/chunchen/.python-eggs is writable by group/others and vulnerable to attack when used with get_resource_filename. Consider a more secure location (set with .set_extraction_path or the PYTHON_EGG_CACHE environment variable).
2015-04-05 07:27:16+0800 [-] ERROR:   warnings.warn(msg, UserWarning)
2015-04-05 07:27:16+0800 [scrapy] INFO: Enabled item pipelines: ScenicspotPipeline, TravelPipeline
2015-04-05 07:27:16+0800 [mafengwo_scenicspot] INFO: Spider opened
2015-04-05 07:27:16+0800 [mafengwo_scenicspot] INFO: Crawled 0 pages (at 0 pages/min), scraped 0 items (at 0 items/min)
2015-04-05 07:27:16+0800 [scrapy] DEBUG: Telnet console listening on 127.0.0.1:6023
2015-04-05 07:27:16+0800 [scrapy] DEBUG: Web service listening on 127.0.0.1:6080
2015-04-05 07:27:16+0800 [mafengwo_scenicspot] DEBUG: Crawled (200) <GET http://z.mafengwo.cn//> (referer: None)
2015-04-05 07:27:16+0800 [mafengwo_scenicspot] DEBUG: Filtered duplicate request: <GET http://www.mafengwo.cn/travel-scenic-spot/mafengwo/10115.html> - no more duplicates will be shown (see DUPEFILTER_DEBUG to show all duplicates)
2015-04-05 07:27:16+0800 [mafengwo_scenicspot] INFO: Closing spider (finished)
2015-04-05 07:27:16+0800 [mafengwo_scenicspot] INFO: Dumping Scrapy stats:
	{'downloader/request_bytes': 278,
	 'downloader/request_count': 1,
	 'downloader/request_method_count/GET': 1,
	 'downloader/response_bytes': 12105,
	 'downloader/response_count': 1,
	 'downloader/response_status_count/200': 1,
	 'dupefilter/filtered': 34,
	 'finish_reason': 'finished',
	 'finish_time': datetime.datetime(2015, 4, 4, 23, 27, 16, 430826),
	 'log_count/DEBUG': 4,
	 'log_count/ERROR': 2,
	 'log_count/INFO': 7,
	 'request_depth_max': 1,
	 'response_received_count': 1,
	 'scheduler/dequeued': 1,
	 'scheduler/dequeued/disk': 1,
	 'scheduler/enqueued': 1,
	 'scheduler/enqueued/disk': 1,
	 'start_time': datetime.datetime(2015, 4, 4, 23, 27, 16, 195659)}
2015-04-05 07:27:16+0800 [mafengwo_scenicspot] INFO: Spider closed (finished)
2015-04-05 07:27:22+0800 [scrapy] INFO: Scrapy 0.24.4 started (bot: zqtravel)
2015-04-05 07:27:22+0800 [scrapy] INFO: Optional features available: ssl, http11
2015-04-05 07:27:22+0800 [scrapy] INFO: Overridden settings: {'NEWSPIDER_MODULE': 'zqtravel.spiders', 'SPIDER_MODULES': ['zqtravel.spiders'], 'LOG_FILE': '/home/scrapy/log/zqtravel.log', 'DOWNLOAD_DELAY': 2, 'BOT_NAME': 'zqtravel'}
2015-04-05 07:27:22+0800 [scrapy] INFO: Enabled extensions: AutoThrottle, LogStats, TelnetConsole, CloseSpider, WebService, CoreStats, SpiderState
2015-04-05 07:27:22+0800 [scrapy] INFO: Enabled downloader middlewares: RotateUserAgentMiddleware, HttpAuthMiddleware, DownloadTimeoutMiddleware, RetryMiddleware, DefaultHeadersMiddleware, MetaRefreshMiddleware, HttpCompressionMiddleware, RedirectMiddleware, CookiesMiddleware, ChunkedTransferMiddleware, DownloaderStats
2015-04-05 07:27:22+0800 [scrapy] INFO: Enabled spider middlewares: HttpErrorMiddleware, OffsiteMiddleware, RefererMiddleware, UrlLengthMiddleware, DepthMiddleware
2015-04-05 07:27:22+0800 [-] ERROR: /usr/lib/python2.7/site-packages/setuptools-7.0-py2.7.egg/pkg_resources.py:1045: UserWarning: /home/chunchen/.python-eggs is writable by group/others and vulnerable to attack when used with get_resource_filename. Consider a more secure location (set with .set_extraction_path or the PYTHON_EGG_CACHE environment variable).
2015-04-05 07:27:22+0800 [-] ERROR:   warnings.warn(msg, UserWarning)
2015-04-05 07:27:22+0800 [scrapy] INFO: Enabled item pipelines: ScenicspotPipeline, TravelPipeline
2015-04-05 07:27:22+0800 [mafengwo_scenicspot] INFO: Spider opened
2015-04-05 07:27:22+0800 [mafengwo_scenicspot] INFO: Crawled 0 pages (at 0 pages/min), scraped 0 items (at 0 items/min)
2015-04-05 07:27:22+0800 [scrapy] DEBUG: Telnet console listening on 127.0.0.1:6023
2015-04-05 07:27:22+0800 [scrapy] DEBUG: Web service listening on 127.0.0.1:6080
2015-04-05 07:27:22+0800 [mafengwo_scenicspot] DEBUG: Crawled (200) <GET http://z.mafengwo.cn//> (referer: None)
2015-04-05 07:27:22+0800 [mafengwo_scenicspot] DEBUG: Filtered duplicate request: <GET http://www.mafengwo.cn/travel-scenic-spot/mafengwo/10115.html> - no more duplicates will be shown (see DUPEFILTER_DEBUG to show all duplicates)
2015-04-05 07:27:22+0800 [mafengwo_scenicspot] INFO: Closing spider (finished)
2015-04-05 07:27:22+0800 [mafengwo_scenicspot] INFO: Dumping Scrapy stats:
	{'downloader/request_bytes': 283,
	 'downloader/request_count': 1,
	 'downloader/request_method_count/GET': 1,
	 'downloader/response_bytes': 12058,
	 'downloader/response_count': 1,
	 'downloader/response_status_count/200': 1,
	 'dupefilter/filtered': 34,
	 'finish_reason': 'finished',
	 'finish_time': datetime.datetime(2015, 4, 4, 23, 27, 22, 432934),
	 'log_count/DEBUG': 4,
	 'log_count/ERROR': 2,
	 'log_count/INFO': 7,
	 'request_depth_max': 1,
	 'response_received_count': 1,
	 'scheduler/dequeued': 1,
	 'scheduler/dequeued/disk': 1,
	 'scheduler/enqueued': 1,
	 'scheduler/enqueued/disk': 1,
	 'start_time': datetime.datetime(2015, 4, 4, 23, 27, 22, 263504)}
2015-04-05 07:27:22+0800 [mafengwo_scenicspot] INFO: Spider closed (finished)
2015-04-05 07:27:28+0800 [scrapy] INFO: Scrapy 0.24.4 started (bot: zqtravel)
2015-04-05 07:27:28+0800 [scrapy] INFO: Optional features available: ssl, http11
2015-04-05 07:27:28+0800 [scrapy] INFO: Overridden settings: {'NEWSPIDER_MODULE': 'zqtravel.spiders', 'SPIDER_MODULES': ['zqtravel.spiders'], 'LOG_FILE': '/home/scrapy/log/zqtravel.log', 'DOWNLOAD_DELAY': 2, 'BOT_NAME': 'zqtravel'}
2015-04-05 07:27:28+0800 [scrapy] INFO: Enabled extensions: AutoThrottle, LogStats, TelnetConsole, CloseSpider, WebService, CoreStats, SpiderState
2015-04-05 07:27:28+0800 [scrapy] INFO: Enabled downloader middlewares: RotateUserAgentMiddleware, HttpAuthMiddleware, DownloadTimeoutMiddleware, RetryMiddleware, DefaultHeadersMiddleware, MetaRefreshMiddleware, HttpCompressionMiddleware, RedirectMiddleware, CookiesMiddleware, ChunkedTransferMiddleware, DownloaderStats
2015-04-05 07:27:28+0800 [scrapy] INFO: Enabled spider middlewares: HttpErrorMiddleware, OffsiteMiddleware, RefererMiddleware, UrlLengthMiddleware, DepthMiddleware
2015-04-05 07:27:28+0800 [-] ERROR: /usr/lib/python2.7/site-packages/setuptools-7.0-py2.7.egg/pkg_resources.py:1045: UserWarning: /home/chunchen/.python-eggs is writable by group/others and vulnerable to attack when used with get_resource_filename. Consider a more secure location (set with .set_extraction_path or the PYTHON_EGG_CACHE environment variable).
2015-04-05 07:27:28+0800 [-] ERROR:   warnings.warn(msg, UserWarning)
2015-04-05 07:27:28+0800 [scrapy] INFO: Enabled item pipelines: ScenicspotPipeline, TravelPipeline
2015-04-05 07:27:28+0800 [mafengwo_scenicspot] INFO: Spider opened
2015-04-05 07:27:28+0800 [mafengwo_scenicspot] INFO: Crawled 0 pages (at 0 pages/min), scraped 0 items (at 0 items/min)
2015-04-05 07:27:28+0800 [scrapy] DEBUG: Telnet console listening on 127.0.0.1:6023
2015-04-05 07:27:28+0800 [scrapy] DEBUG: Web service listening on 127.0.0.1:6080
2015-04-05 07:27:28+0800 [mafengwo_scenicspot] DEBUG: Crawled (200) <GET http://z.mafengwo.cn//> (referer: None)
2015-04-05 07:27:28+0800 [mafengwo_scenicspot] DEBUG: Filtered duplicate request: <GET http://www.mafengwo.cn/travel-scenic-spot/mafengwo/10115.html> - no more duplicates will be shown (see DUPEFILTER_DEBUG to show all duplicates)
2015-04-05 07:27:28+0800 [mafengwo_scenicspot] INFO: Closing spider (finished)
2015-04-05 07:27:28+0800 [mafengwo_scenicspot] INFO: Dumping Scrapy stats:
	{'downloader/request_bytes': 295,
	 'downloader/request_count': 1,
	 'downloader/request_method_count/GET': 1,
	 'downloader/response_bytes': 12018,
	 'downloader/response_count': 1,
	 'downloader/response_status_count/200': 1,
	 'dupefilter/filtered': 34,
	 'finish_reason': 'finished',
	 'finish_time': datetime.datetime(2015, 4, 4, 23, 27, 28, 508408),
	 'log_count/DEBUG': 4,
	 'log_count/ERROR': 2,
	 'log_count/INFO': 7,
	 'request_depth_max': 1,
	 'response_received_count': 1,
	 'scheduler/dequeued': 1,
	 'scheduler/dequeued/disk': 1,
	 'scheduler/enqueued': 1,
	 'scheduler/enqueued/disk': 1,
	 'start_time': datetime.datetime(2015, 4, 4, 23, 27, 28, 320889)}
2015-04-05 07:27:28+0800 [mafengwo_scenicspot] INFO: Spider closed (finished)
2015-04-05 07:27:34+0800 [scrapy] INFO: Scrapy 0.24.4 started (bot: zqtravel)
2015-04-05 07:27:34+0800 [scrapy] INFO: Optional features available: ssl, http11
2015-04-05 07:27:34+0800 [scrapy] INFO: Overridden settings: {'NEWSPIDER_MODULE': 'zqtravel.spiders', 'SPIDER_MODULES': ['zqtravel.spiders'], 'LOG_FILE': '/home/scrapy/log/zqtravel.log', 'DOWNLOAD_DELAY': 2, 'BOT_NAME': 'zqtravel'}
2015-04-05 07:27:34+0800 [scrapy] INFO: Enabled extensions: AutoThrottle, LogStats, TelnetConsole, CloseSpider, WebService, CoreStats, SpiderState
2015-04-05 07:27:34+0800 [scrapy] INFO: Enabled downloader middlewares: RotateUserAgentMiddleware, HttpAuthMiddleware, DownloadTimeoutMiddleware, RetryMiddleware, DefaultHeadersMiddleware, MetaRefreshMiddleware, HttpCompressionMiddleware, RedirectMiddleware, CookiesMiddleware, ChunkedTransferMiddleware, DownloaderStats
2015-04-05 07:27:34+0800 [scrapy] INFO: Enabled spider middlewares: HttpErrorMiddleware, OffsiteMiddleware, RefererMiddleware, UrlLengthMiddleware, DepthMiddleware
2015-04-05 07:27:34+0800 [-] ERROR: /usr/lib/python2.7/site-packages/setuptools-7.0-py2.7.egg/pkg_resources.py:1045: UserWarning: /home/chunchen/.python-eggs is writable by group/others and vulnerable to attack when used with get_resource_filename. Consider a more secure location (set with .set_extraction_path or the PYTHON_EGG_CACHE environment variable).
2015-04-05 07:27:34+0800 [-] ERROR:   warnings.warn(msg, UserWarning)
2015-04-05 07:27:34+0800 [scrapy] INFO: Enabled item pipelines: ScenicspotPipeline, TravelPipeline
2015-04-05 07:27:34+0800 [mafengwo_scenicspot] INFO: Spider opened
2015-04-05 07:27:34+0800 [mafengwo_scenicspot] INFO: Crawled 0 pages (at 0 pages/min), scraped 0 items (at 0 items/min)
2015-04-05 07:27:34+0800 [scrapy] DEBUG: Telnet console listening on 127.0.0.1:6023
2015-04-05 07:27:34+0800 [scrapy] DEBUG: Web service listening on 127.0.0.1:6080
2015-04-05 07:27:34+0800 [mafengwo_scenicspot] DEBUG: Crawled (200) <GET http://z.mafengwo.cn//> (referer: None)
2015-04-05 07:27:34+0800 [mafengwo_scenicspot] DEBUG: Filtered duplicate request: <GET http://www.mafengwo.cn/travel-scenic-spot/mafengwo/10115.html> - no more duplicates will be shown (see DUPEFILTER_DEBUG to show all duplicates)
2015-04-05 07:27:34+0800 [mafengwo_scenicspot] INFO: Closing spider (finished)
2015-04-05 07:27:34+0800 [mafengwo_scenicspot] INFO: Dumping Scrapy stats:
	{'downloader/request_bytes': 277,
	 'downloader/request_count': 1,
	 'downloader/request_method_count/GET': 1,
	 'downloader/response_bytes': 12083,
	 'downloader/response_count': 1,
	 'downloader/response_status_count/200': 1,
	 'dupefilter/filtered': 34,
	 'finish_reason': 'finished',
	 'finish_time': datetime.datetime(2015, 4, 4, 23, 27, 34, 510348),
	 'log_count/DEBUG': 4,
	 'log_count/ERROR': 2,
	 'log_count/INFO': 7,
	 'request_depth_max': 1,
	 'response_received_count': 1,
	 'scheduler/dequeued': 1,
	 'scheduler/dequeued/disk': 1,
	 'scheduler/enqueued': 1,
	 'scheduler/enqueued/disk': 1,
	 'start_time': datetime.datetime(2015, 4, 4, 23, 27, 34, 387230)}
2015-04-05 07:27:34+0800 [mafengwo_scenicspot] INFO: Spider closed (finished)
2015-04-05 07:27:40+0800 [scrapy] INFO: Scrapy 0.24.4 started (bot: zqtravel)
2015-04-05 07:27:40+0800 [scrapy] INFO: Optional features available: ssl, http11
2015-04-05 07:27:40+0800 [scrapy] INFO: Overridden settings: {'NEWSPIDER_MODULE': 'zqtravel.spiders', 'SPIDER_MODULES': ['zqtravel.spiders'], 'LOG_FILE': '/home/scrapy/log/zqtravel.log', 'DOWNLOAD_DELAY': 2, 'BOT_NAME': 'zqtravel'}
2015-04-05 07:27:40+0800 [scrapy] INFO: Enabled extensions: AutoThrottle, LogStats, TelnetConsole, CloseSpider, WebService, CoreStats, SpiderState
2015-04-05 07:27:40+0800 [scrapy] INFO: Enabled downloader middlewares: RotateUserAgentMiddleware, HttpAuthMiddleware, DownloadTimeoutMiddleware, RetryMiddleware, DefaultHeadersMiddleware, MetaRefreshMiddleware, HttpCompressionMiddleware, RedirectMiddleware, CookiesMiddleware, ChunkedTransferMiddleware, DownloaderStats
2015-04-05 07:27:40+0800 [scrapy] INFO: Enabled spider middlewares: HttpErrorMiddleware, OffsiteMiddleware, RefererMiddleware, UrlLengthMiddleware, DepthMiddleware
2015-04-05 07:27:40+0800 [-] ERROR: /usr/lib/python2.7/site-packages/setuptools-7.0-py2.7.egg/pkg_resources.py:1045: UserWarning: /home/chunchen/.python-eggs is writable by group/others and vulnerable to attack when used with get_resource_filename. Consider a more secure location (set with .set_extraction_path or the PYTHON_EGG_CACHE environment variable).
2015-04-05 07:27:40+0800 [-] ERROR:   warnings.warn(msg, UserWarning)
2015-04-05 07:27:40+0800 [scrapy] INFO: Enabled item pipelines: ScenicspotPipeline, TravelPipeline
2015-04-05 07:27:40+0800 [mafengwo_scenicspot] INFO: Spider opened
2015-04-05 07:27:40+0800 [mafengwo_scenicspot] INFO: Crawled 0 pages (at 0 pages/min), scraped 0 items (at 0 items/min)
2015-04-05 07:27:40+0800 [scrapy] DEBUG: Telnet console listening on 127.0.0.1:6023
2015-04-05 07:27:40+0800 [scrapy] DEBUG: Web service listening on 127.0.0.1:6080
2015-04-05 07:27:40+0800 [mafengwo_scenicspot] DEBUG: Crawled (200) <GET http://z.mafengwo.cn//> (referer: None)
2015-04-05 07:27:40+0800 [mafengwo_scenicspot] DEBUG: Filtered duplicate request: <GET http://www.mafengwo.cn/travel-scenic-spot/mafengwo/10115.html> - no more duplicates will be shown (see DUPEFILTER_DEBUG to show all duplicates)
2015-04-05 07:27:40+0800 [mafengwo_scenicspot] INFO: Closing spider (finished)
2015-04-05 07:27:40+0800 [mafengwo_scenicspot] INFO: Dumping Scrapy stats:
	{'downloader/request_bytes': 284,
	 'downloader/request_count': 1,
	 'downloader/request_method_count/GET': 1,
	 'downloader/response_bytes': 12179,
	 'downloader/response_count': 1,
	 'downloader/response_status_count/200': 1,
	 'dupefilter/filtered': 34,
	 'finish_reason': 'finished',
	 'finish_time': datetime.datetime(2015, 4, 4, 23, 27, 40, 625574),
	 'log_count/DEBUG': 4,
	 'log_count/ERROR': 2,
	 'log_count/INFO': 7,
	 'request_depth_max': 1,
	 'response_received_count': 1,
	 'scheduler/dequeued': 1,
	 'scheduler/dequeued/disk': 1,
	 'scheduler/enqueued': 1,
	 'scheduler/enqueued/disk': 1,
	 'start_time': datetime.datetime(2015, 4, 4, 23, 27, 40, 448677)}
2015-04-05 07:27:40+0800 [mafengwo_scenicspot] INFO: Spider closed (finished)
2015-04-05 07:27:46+0800 [scrapy] INFO: Scrapy 0.24.4 started (bot: zqtravel)
2015-04-05 07:27:46+0800 [scrapy] INFO: Optional features available: ssl, http11
2015-04-05 07:27:46+0800 [scrapy] INFO: Overridden settings: {'NEWSPIDER_MODULE': 'zqtravel.spiders', 'SPIDER_MODULES': ['zqtravel.spiders'], 'LOG_FILE': '/home/scrapy/log/zqtravel.log', 'DOWNLOAD_DELAY': 2, 'BOT_NAME': 'zqtravel'}
2015-04-05 07:27:46+0800 [scrapy] INFO: Enabled extensions: AutoThrottle, LogStats, TelnetConsole, CloseSpider, WebService, CoreStats, SpiderState
2015-04-05 07:27:46+0800 [scrapy] INFO: Enabled downloader middlewares: RotateUserAgentMiddleware, HttpAuthMiddleware, DownloadTimeoutMiddleware, RetryMiddleware, DefaultHeadersMiddleware, MetaRefreshMiddleware, HttpCompressionMiddleware, RedirectMiddleware, CookiesMiddleware, ChunkedTransferMiddleware, DownloaderStats
2015-04-05 07:27:46+0800 [scrapy] INFO: Enabled spider middlewares: HttpErrorMiddleware, OffsiteMiddleware, RefererMiddleware, UrlLengthMiddleware, DepthMiddleware
2015-04-05 07:27:46+0800 [-] ERROR: /usr/lib/python2.7/site-packages/setuptools-7.0-py2.7.egg/pkg_resources.py:1045: UserWarning: /home/chunchen/.python-eggs is writable by group/others and vulnerable to attack when used with get_resource_filename. Consider a more secure location (set with .set_extraction_path or the PYTHON_EGG_CACHE environment variable).
2015-04-05 07:27:46+0800 [-] ERROR:   warnings.warn(msg, UserWarning)
2015-04-05 07:27:46+0800 [scrapy] INFO: Enabled item pipelines: ScenicspotPipeline, TravelPipeline
2015-04-05 07:27:46+0800 [mafengwo_scenicspot] INFO: Spider opened
2015-04-05 07:27:46+0800 [mafengwo_scenicspot] INFO: Crawled 0 pages (at 0 pages/min), scraped 0 items (at 0 items/min)
2015-04-05 07:27:46+0800 [scrapy] DEBUG: Telnet console listening on 127.0.0.1:6023
2015-04-05 07:27:46+0800 [scrapy] DEBUG: Web service listening on 127.0.0.1:6080
2015-04-05 07:27:46+0800 [mafengwo_scenicspot] DEBUG: Crawled (200) <GET http://z.mafengwo.cn//> (referer: None)
2015-04-05 07:27:46+0800 [mafengwo_scenicspot] DEBUG: Filtered duplicate request: <GET http://www.mafengwo.cn/travel-scenic-spot/mafengwo/10115.html> - no more duplicates will be shown (see DUPEFILTER_DEBUG to show all duplicates)
2015-04-05 07:27:46+0800 [mafengwo_scenicspot] INFO: Closing spider (finished)
2015-04-05 07:27:46+0800 [mafengwo_scenicspot] INFO: Dumping Scrapy stats:
	{'downloader/request_bytes': 286,
	 'downloader/request_count': 1,
	 'downloader/request_method_count/GET': 1,
	 'downloader/response_bytes': 12039,
	 'downloader/response_count': 1,
	 'downloader/response_status_count/200': 1,
	 'dupefilter/filtered': 34,
	 'finish_reason': 'finished',
	 'finish_time': datetime.datetime(2015, 4, 4, 23, 27, 46, 682954),
	 'log_count/DEBUG': 4,
	 'log_count/ERROR': 2,
	 'log_count/INFO': 7,
	 'request_depth_max': 1,
	 'response_received_count': 1,
	 'scheduler/dequeued': 1,
	 'scheduler/dequeued/disk': 1,
	 'scheduler/enqueued': 1,
	 'scheduler/enqueued/disk': 1,
	 'start_time': datetime.datetime(2015, 4, 4, 23, 27, 46, 519296)}
2015-04-05 07:27:46+0800 [mafengwo_scenicspot] INFO: Spider closed (finished)
